2022-11-22 00:13:23,277 DEBUG    root            Loaded Command Group: ['gcloud', 'components']
2022-11-22 00:13:23,280 DEBUG    root            Loaded Command Group: ['gcloud', 'components', 'update']
2022-11-22 00:13:23,282 DEBUG    root            Running [gcloud.components.update] with arguments: [--quiet: "True", COMPONENT-IDS:8: "['gcloud', 'core', 'bq', 'gsutil', 'compute', 'preview', 'alpha', 'beta']"]
2022-11-22 00:13:23,289 INFO     ___FILE_ONLY___ Beginning update. This process may take several minutes.

2022-11-22 00:13:23,295 DEBUG    urllib3.connectionpool Starting new HTTPS connection (1): dl.google.com:443
2022-11-22 00:13:23,321 DEBUG    urllib3.connectionpool https://dl.google.com:443 "GET /dl/cloudsdk/channels/rapid/components-2.json HTTP/1.1" 200 203447
2022-11-22 00:13:23,340 WARNING  root            Component [compute] no longer exists.
2022-11-22 00:13:23,341 WARNING  root            Component [preview] no longer exists.
2022-11-22 00:13:23,342 INFO     ___FILE_ONLY___ 

2022-11-22 00:13:23,342 INFO     ___FILE_ONLY___ 
Your current Google Cloud CLI version is: 410.0.0

2022-11-22 00:13:23,342 INFO     ___FILE_ONLY___ Installing components from version: 410.0.0

2022-11-22 00:13:23,342 INFO     ___FILE_ONLY___ 

2022-11-22 00:13:23,345 INFO     ___FILE_ONLY___ ┌──────────────────────────────────────────────┐
2022-11-22 00:13:23,345 INFO     ___FILE_ONLY___ 

2022-11-22 00:13:23,345 INFO     ___FILE_ONLY___ │     These components will be installed.      │
2022-11-22 00:13:23,345 INFO     ___FILE_ONLY___ 

2022-11-22 00:13:23,345 INFO     ___FILE_ONLY___ ├───────────────────────┬────────────┬─────────┤
2022-11-22 00:13:23,346 INFO     ___FILE_ONLY___ 

2022-11-22 00:13:23,346 INFO     ___FILE_ONLY___ │          Name         │  Version   │   Size  │
2022-11-22 00:13:23,346 INFO     ___FILE_ONLY___ 

2022-11-22 00:13:23,346 INFO     ___FILE_ONLY___ ├───────────────────────┼────────────┼─────────┤
2022-11-22 00:13:23,346 INFO     ___FILE_ONLY___ 

2022-11-22 00:13:23,346 INFO     ___FILE_ONLY___ │ 
2022-11-22 00:13:23,346 INFO     ___FILE_ONLY___ gcloud Alpha Commands
2022-11-22 00:13:23,346 INFO     ___FILE_ONLY___  
2022-11-22 00:13:23,346 INFO     ___FILE_ONLY___ │ 
2022-11-22 00:13:23,346 INFO     ___FILE_ONLY___ 2022.11.11
2022-11-22 00:13:23,346 INFO     ___FILE_ONLY___  
2022-11-22 00:13:23,346 INFO     ___FILE_ONLY___ │ 
2022-11-22 00:13:23,346 INFO     ___FILE_ONLY___ < 1 MiB
2022-11-22 00:13:23,346 INFO     ___FILE_ONLY___  
2022-11-22 00:13:23,347 INFO     ___FILE_ONLY___ │
2022-11-22 00:13:23,347 INFO     ___FILE_ONLY___ 

2022-11-22 00:13:23,347 INFO     ___FILE_ONLY___ │ 
2022-11-22 00:13:23,347 INFO     ___FILE_ONLY___ gcloud Beta Commands 
2022-11-22 00:13:23,347 INFO     ___FILE_ONLY___  
2022-11-22 00:13:23,347 INFO     ___FILE_ONLY___ │ 
2022-11-22 00:13:23,347 INFO     ___FILE_ONLY___ 2022.11.11
2022-11-22 00:13:23,347 INFO     ___FILE_ONLY___  
2022-11-22 00:13:23,347 INFO     ___FILE_ONLY___ │ 
2022-11-22 00:13:23,347 INFO     ___FILE_ONLY___ < 1 MiB
2022-11-22 00:13:23,347 INFO     ___FILE_ONLY___  
2022-11-22 00:13:23,347 INFO     ___FILE_ONLY___ │
2022-11-22 00:13:23,347 INFO     ___FILE_ONLY___ 

2022-11-22 00:13:23,347 INFO     ___FILE_ONLY___ └───────────────────────┴────────────┴─────────┘
2022-11-22 00:13:23,347 INFO     ___FILE_ONLY___ 

2022-11-22 00:13:23,348 INFO     ___FILE_ONLY___ 

2022-11-22 00:13:23,350 DEBUG    urllib3.connectionpool Starting new HTTPS connection (1): dl.google.com:443
2022-11-22 00:13:23,366 DEBUG    urllib3.connectionpool https://dl.google.com:443 "GET /dl/cloudsdk/channels/rapid/RELEASE_NOTES HTTP/1.1" 200 900823
2022-11-22 00:13:23,393 INFO     ___FILE_ONLY___ For the latest full release notes, please visit:
  https://cloud.google.com/sdk/release_notes


2022-11-22 00:13:23,399 INFO     ___FILE_ONLY___ ╔════════════════════════════════════════════════════════════╗

2022-11-22 00:13:23,399 INFO     ___FILE_ONLY___ ╠═ Creating update staging area                             ═╣

2022-11-22 00:13:23,399 INFO     ___FILE_ONLY___ ╚
2022-11-22 00:13:23,400 INFO     ___FILE_ONLY___ ══════
2022-11-22 00:13:24,013 INFO     ___FILE_ONLY___ ══════
2022-11-22 00:13:24,013 INFO     ___FILE_ONLY___ ══════
2022-11-22 00:13:24,352 INFO     ___FILE_ONLY___ ═
2022-11-22 00:13:24,446 INFO     ___FILE_ONLY___ ═
2022-11-22 00:13:24,540 INFO     ___FILE_ONLY___ ═
2022-11-22 00:13:24,579 INFO     ___FILE_ONLY___ ═
2022-11-22 00:13:24,621 INFO     ___FILE_ONLY___ ═
2022-11-22 00:13:24,679 INFO     ___FILE_ONLY___ ═
2022-11-22 00:13:24,719 INFO     ___FILE_ONLY___ ═
2022-11-22 00:13:24,825 INFO     ___FILE_ONLY___ ═
2022-11-22 00:13:25,098 INFO     ___FILE_ONLY___ ═
2022-11-22 00:13:25,207 INFO     ___FILE_ONLY___ ═
2022-11-22 00:13:25,405 INFO     ___FILE_ONLY___ ═
2022-11-22 00:13:25,482 INFO     ___FILE_ONLY___ ═
2022-11-22 00:13:25,549 INFO     ___FILE_ONLY___ ═
2022-11-22 00:13:25,690 INFO     ___FILE_ONLY___ ═
2022-11-22 00:13:25,748 INFO     ___FILE_ONLY___ ═
2022-11-22 00:13:25,821 INFO     ___FILE_ONLY___ ═
2022-11-22 00:13:25,899 INFO     ___FILE_ONLY___ ═
2022-11-22 00:13:25,949 INFO     ___FILE_ONLY___ ═
2022-11-22 00:13:26,039 INFO     ___FILE_ONLY___ ═
2022-11-22 00:13:26,112 INFO     ___FILE_ONLY___ ═
2022-11-22 00:13:26,188 INFO     ___FILE_ONLY___ ═
2022-11-22 00:13:26,253 INFO     ___FILE_ONLY___ ═
2022-11-22 00:13:26,328 INFO     ___FILE_ONLY___ ═
2022-11-22 00:13:26,477 INFO     ___FILE_ONLY___ ═
2022-11-22 00:13:26,557 INFO     ___FILE_ONLY___ ═
2022-11-22 00:13:26,643 INFO     ___FILE_ONLY___ ═
2022-11-22 00:13:26,740 INFO     ___FILE_ONLY___ ═
2022-11-22 00:13:26,851 INFO     ___FILE_ONLY___ ═
2022-11-22 00:13:26,922 INFO     ___FILE_ONLY___ ═
2022-11-22 00:13:27,017 INFO     ___FILE_ONLY___ ═
2022-11-22 00:13:27,092 INFO     ___FILE_ONLY___ ═
2022-11-22 00:13:27,166 INFO     ___FILE_ONLY___ ═
2022-11-22 00:13:27,249 INFO     ___FILE_ONLY___ ═
2022-11-22 00:13:27,304 INFO     ___FILE_ONLY___ ═
2022-11-22 00:13:27,370 INFO     ___FILE_ONLY___ ═
2022-11-22 00:13:27,428 INFO     ___FILE_ONLY___ ═
2022-11-22 00:13:27,498 INFO     ___FILE_ONLY___ ═
2022-11-22 00:13:27,649 INFO     ___FILE_ONLY___ ═
2022-11-22 00:13:27,704 INFO     ___FILE_ONLY___ ═
2022-11-22 00:13:27,779 INFO     ___FILE_ONLY___ ═
2022-11-22 00:13:27,869 INFO     ___FILE_ONLY___ ═
2022-11-22 00:13:27,973 INFO     ___FILE_ONLY___ ═
2022-11-22 00:13:27,974 INFO     ___FILE_ONLY___ ╝

2022-11-22 00:13:31,433 INFO     ___FILE_ONLY___ ╔════════════════════════════════════════════════════════════╗

2022-11-22 00:13:31,433 INFO     ___FILE_ONLY___ ╠═ Installing: gcloud Alpha Commands                        ═╣

2022-11-22 00:13:31,433 INFO     ___FILE_ONLY___ ╚
2022-11-22 00:13:31,438 DEBUG    urllib3.connectionpool Starting new HTTPS connection (1): dl.google.com:443
2022-11-22 00:13:31,462 DEBUG    urllib3.connectionpool https://dl.google.com:443 "GET /dl/cloudsdk/channels/rapid/components/google-cloud-sdk-alpha-20221111160842.tar.gz HTTP/1.1" 200 800
2022-11-22 00:13:31,463 INFO     ___FILE_ONLY___ ══════════════════════════════
2022-11-22 00:13:31,465 INFO     ___FILE_ONLY___ ══════════════════════════════
2022-11-22 00:13:31,465 INFO     ___FILE_ONLY___ ╝

2022-11-22 00:13:31,476 INFO     ___FILE_ONLY___ ╔════════════════════════════════════════════════════════════╗

2022-11-22 00:13:31,476 INFO     ___FILE_ONLY___ ╠═ Installing: gcloud Beta Commands                         ═╣

2022-11-22 00:13:31,477 INFO     ___FILE_ONLY___ ╚
2022-11-22 00:13:31,481 DEBUG    urllib3.connectionpool Starting new HTTPS connection (1): dl.google.com:443
2022-11-22 00:13:31,496 DEBUG    urllib3.connectionpool https://dl.google.com:443 "GET /dl/cloudsdk/channels/rapid/components/google-cloud-sdk-beta-20221111160842.tar.gz HTTP/1.1" 200 797
2022-11-22 00:13:31,497 INFO     ___FILE_ONLY___ ══════════════════════════════
2022-11-22 00:13:31,498 INFO     ___FILE_ONLY___ ══════════════════════════════
2022-11-22 00:13:31,498 INFO     ___FILE_ONLY___ ╝

2022-11-22 00:13:31,509 INFO     ___FILE_ONLY___ ╔════════════════════════════════════════════════════════════╗

2022-11-22 00:13:31,509 INFO     ___FILE_ONLY___ ╠═ Creating backup and activating new installation          ═╣

2022-11-22 00:13:31,509 INFO     ___FILE_ONLY___ ╚
2022-11-22 00:13:31,510 DEBUG    root            Attempting to move directory [/tools/google-cloud-sdk] to [/tools/google-cloud-sdk.staging/.install/.backup]
2022-11-22 00:13:31,510 INFO     ___FILE_ONLY___ ══════════════════════════════
2022-11-22 00:13:31,510 DEBUG    root            Attempting to move directory [/tools/google-cloud-sdk.staging] to [/tools/google-cloud-sdk]
2022-11-22 00:13:31,510 INFO     ___FILE_ONLY___ ══════════════════════════════
2022-11-22 00:13:31,510 INFO     ___FILE_ONLY___ ╝

2022-11-22 00:13:31,515 DEBUG    root            Updating notification cache...
2022-11-22 00:13:31,516 INFO     ___FILE_ONLY___ 

2022-11-22 00:13:31,520 INFO     ___FILE_ONLY___ Performing post processing steps...
2022-11-22 00:13:31,521 DEBUG    root            Executing command: ['python3', '-S', '/tools/google-cloud-sdk/lib/gcloud.py', 'components', 'post-process']
2022-11-22 00:13:54,386 DEBUG    ___FILE_ONLY___ 
2022-11-22 00:13:54,386 DEBUG    ___FILE_ONLY___ 
2022-11-22 00:13:54,557 INFO     ___FILE_ONLY___ 
Update done!


2022-11-22 00:13:54,560 INFO     root            Display format: "none"
